$ scrapy crawl maoyan

2020-08-23 16:31:27 [scrapy.utils.log] INFO: Scrapy 2.3.0 started (bot: maoyanmovie)
2020-08-23 16:31:27 [scrapy.utils.log] INFO: Versions: lxml 4.5.0.0, libxml2 2.9.9, cssselect 1.1.0, parsel 1.6.0, w3lib 1.22.0, Twisted 20.3.0, Python 3.7.6 (default, Jan  8 2020, 13:42:34) - [Clang 4.0.1 (tags/RELEASE_401/final)], pyOpenSSL 19.1.0 (OpenSSL 1.1.1d  10 Sep 2019), cryptography 2.8, Platform Darwin-19.6.0-x86_64-i386-64bit
2020-08-23 16:31:27 [scrapy.utils.log] DEBUG: Using reactor: twisted.internet.selectreactor.SelectReactor
2020-08-23 16:31:27 [scrapy.crawler] INFO: Overridden settings:
{'BOT_NAME': 'maoyanmovie',
 'NEWSPIDER_MODULE': 'maoyanmovie.spiders',
 'ROBOTSTXT_OBEY': True,
 'SPIDER_MODULES': ['maoyanmovie.spiders'],
 'USER_AGENT': 'Mozilla/5.0 (Windows NT 6.2; WOW64) AppleWebKit/535.24 (KHTML, '
               'like Gecko) Chrome/19.0.1055.1 Safari/535.24'}
2020-08-23 16:31:27 [scrapy.extensions.telnet] INFO: Telnet Password: a208844a5129d2d8
2020-08-23 16:31:27 [scrapy.middleware] INFO: Enabled extensions:
['scrapy.extensions.corestats.CoreStats',
 'scrapy.extensions.telnet.TelnetConsole',
 'scrapy.extensions.memusage.MemoryUsage',
 'scrapy.extensions.logstats.LogStats']
2020-08-23 16:31:27 [scrapy.middleware] INFO: Enabled downloader middlewares:
['scrapy.downloadermiddlewares.robotstxt.RobotsTxtMiddleware',
 'scrapy.downloadermiddlewares.httpauth.HttpAuthMiddleware',
 'scrapy.downloadermiddlewares.downloadtimeout.DownloadTimeoutMiddleware',
 'scrapy.downloadermiddlewares.defaultheaders.DefaultHeadersMiddleware',
 'scrapy.downloadermiddlewares.useragent.UserAgentMiddleware',
 'scrapy.downloadermiddlewares.retry.RetryMiddleware',
 'scrapy.downloadermiddlewares.redirect.MetaRefreshMiddleware',
 'scrapy.downloadermiddlewares.httpcompression.HttpCompressionMiddleware',
 'scrapy.downloadermiddlewares.redirect.RedirectMiddleware',
 'scrapy.downloadermiddlewares.cookies.CookiesMiddleware',
 'scrapy.downloadermiddlewares.httpproxy.HttpProxyMiddleware',
 'scrapy.downloadermiddlewares.stats.DownloaderStats']
2020-08-23 16:31:27 [scrapy.middleware] INFO: Enabled spider middlewares:
['scrapy.spidermiddlewares.httperror.HttpErrorMiddleware',
 'scrapy.spidermiddlewares.offsite.OffsiteMiddleware',
 'scrapy.spidermiddlewares.referer.RefererMiddleware',
 'scrapy.spidermiddlewares.urllength.UrlLengthMiddleware',
 'scrapy.spidermiddlewares.depth.DepthMiddleware']
2020-08-23 16:31:27 [scrapy.middleware] INFO: Enabled item pipelines:
['maoyanmovie.pipelines.MaoyanmoviePipeline']
2020-08-23 16:31:27 [scrapy.core.engine] INFO: Spider opened
2020-08-23 16:31:27 [scrapy.extensions.logstats] INFO: Crawled 0 pages (at 0 pages/min), scraped 0 items (at 0 items/min)
2020-08-23 16:31:27 [scrapy.extensions.telnet] INFO: Telnet console listening on 127.0.0.1:6023
2020-08-23 16:31:28 [scrapy.core.engine] DEBUG: Crawled (200) <GET https://maoyan.com/robots.txt> (referer: https://maoyan.com/films)
2020-08-23 16:31:28 [scrapy.core.engine] DEBUG: Crawled (200) <GET https://maoyan.com/films?showType=3&sortId=3> (referer: https://maoyan.com/films)
电影名称：摔跤吧！爸爸 | 电影类型：喜剧／动作／家庭 | 上映时间：2017-05-05
电影名称：我和我的祖国 | 电影类型：剧情 | 上映时间：2019-09-30
电影名称：战狼2 | 电影类型：动作／战争 | 上映时间：2017-07-27
电影名称：速度与激情7 | 电影类型：动作／惊悚／犯罪 | 上映时间：2015-04-12
电影名称：哪吒之魔童降世 | 电影类型：动画／喜剧／奇幻 | 上映时间：2019-07-26
电影名称：我不是药神 | 电影类型：剧情／喜剧 | 上映时间：2018-07-05
电影名称：寻梦环游记 | 电影类型：动画／冒险／家庭 | 上映时间：2017-11-24
电影名称：大话西游之月光宝盒 | 电影类型：喜剧／爱情／奇幻／古装 | 上映时间：2020-07-24
电影名称：厉害了，我的国 | 电影类型：纪录片 | 上映时间：2018-03-02
电影名称：火力全开 | 电影类型：音乐／纪录片 | 上映时间：2017-10-20
2020-08-23 16:31:28 [scrapy.core.scraper] DEBUG: Scraped from <200 https://maoyan.com/films?showType=3&sortId=3>
{'mdatetime': '2017-05-05', 'mname': '摔跤吧！爸爸', 'mtype': '喜剧／动作／家庭'}
2020-08-23 16:31:28 [scrapy.core.scraper] DEBUG: Scraped from <200 https://maoyan.com/films?showType=3&sortId=3>
{'mdatetime': '2019-09-30', 'mname': '我和我的祖国', 'mtype': '剧情'}
2020-08-23 16:31:28 [scrapy.core.scraper] DEBUG: Scraped from <200 https://maoyan.com/films?showType=3&sortId=3>
{'mdatetime': '2017-07-27', 'mname': '战狼2', 'mtype': '动作／战争'}
2020-08-23 16:31:28 [scrapy.core.scraper] DEBUG: Scraped from <200 https://maoyan.com/films?showType=3&sortId=3>
{'mdatetime': '2015-04-12', 'mname': '速度与激情7', 'mtype': '动作／惊悚／犯罪'}
2020-08-23 16:31:28 [scrapy.core.scraper] DEBUG: Scraped from <200 https://maoyan.com/films?showType=3&sortId=3>
{'mdatetime': '2019-07-26', 'mname': '哪吒之魔童降世', 'mtype': '动画／喜剧／奇幻'}
2020-08-23 16:31:28 [scrapy.core.scraper] DEBUG: Scraped from <200 https://maoyan.com/films?showType=3&sortId=3>
{'mdatetime': '2018-07-05', 'mname': '我不是药神', 'mtype': '剧情／喜剧'}
2020-08-23 16:31:28 [scrapy.core.scraper] DEBUG: Scraped from <200 https://maoyan.com/films?showType=3&sortId=3>
{'mdatetime': '2017-11-24', 'mname': '寻梦环游记', 'mtype': '动画／冒险／家庭'}
2020-08-23 16:31:28 [scrapy.core.scraper] DEBUG: Scraped from <200 https://maoyan.com/films?showType=3&sortId=3>
{'mdatetime': '2020-07-24', 'mname': '大话西游之月光宝盒', 'mtype': '喜剧／爱情／奇幻／古装'}
2020-08-23 16:31:28 [scrapy.core.scraper] DEBUG: Scraped from <200 https://maoyan.com/films?showType=3&sortId=3>
{'mdatetime': '2018-03-02', 'mname': '厉害了，我的国', 'mtype': '纪录片'}
2020-08-23 16:31:28 [scrapy.core.scraper] DEBUG: Scraped from <200 https://maoyan.com/films?showType=3&sortId=3>
{'mdatetime': '2017-10-20', 'mname': '火力全开', 'mtype': '音乐／纪录片'}
2020-08-23 16:31:28 [scrapy.core.engine] INFO: Closing spider (finished)
2020-08-23 16:31:28 [scrapy.statscollectors] INFO: Dumping Scrapy stats:
{'downloader/request_bytes': 2181,
 'downloader/request_count': 2,
 'downloader/request_method_count/GET': 2,
 'downloader/response_bytes': 11903,
 'downloader/response_count': 2,
 'downloader/response_status_count/200': 2,
 'elapsed_time_seconds': 0.79396,
 'finish_reason': 'finished',
 'finish_time': datetime.datetime(2020, 8, 23, 8, 31, 28, 742222),
 'item_scraped_count': 10,
 'log_count/DEBUG': 12,
 'log_count/INFO': 10,
 'memusage/max': 51810304,
 'memusage/startup': 51806208,
 'response_received_count': 2,
 'robotstxt/request_count': 1,
 'robotstxt/response_count': 1,
 'robotstxt/response_status_count/200': 1,
 'scheduler/dequeued': 1,
 'scheduler/dequeued/memory': 1,
 'scheduler/enqueued': 1,
 'scheduler/enqueued/memory': 1,
 'start_time': datetime.datetime(2020, 8, 23, 8, 31, 27, 948262)}
2020-08-23 16:31:28 [scrapy.core.engine] INFO: Spider closed (finished)